Determining if the Q_WS_WIN exist failed with the following output:
Change Dir: /home/pi/opencv-3.1.0/build/CMakeFiles/CMakeTmp

Run Build Command:"/usr/bin/make" "cmTC_e163b/fast"
/usr/bin/make -f CMakeFiles/cmTC_e163b.dir/build.make CMakeFiles/cmTC_e163b.dir/build
make[1]: Entering directory '/home/pi/opencv-3.1.0/build/CMakeFiles/CMakeTmp'
Building CXX object CMakeFiles/cmTC_e163b.dir/CheckSymbolExists.cxx.o
/usr/bin/c++    -I/usr/include/qt4  -fsigned-char -W -Wall -Werror=return-type -Werror=non-virtual-dtor -Werror=address -Werror=sequence-point -Wformat -Werror=format-security -Wmissing-declarations -Wundef -Winit-self -Wpointer-arith -Wshadow -Wsign-promo -Wno-narrowing -Wno-delete-non-virtual-dtor -fdiagnostics-show-option -pthread -fomit-frame-pointer -ffunction-sections -fvisibility=hidden -fvisibility-inlines-hidden  -O3 -DNDEBUG   -o CMakeFiles/cmTC_e163b.dir/CheckSymbolExists.cxx.o -c /home/pi/opencv-3.1.0/build/CMakeFiles/CMakeTmp/CheckSymbolExists.cxx
/home/pi/opencv-3.1.0/build/CMakeFiles/CMakeTmp/CheckSymbolExists.cxx: In function ‘int main(int, char**)’:
/home/pi/opencv-3.1.0/build/CMakeFiles/CMakeTmp/CheckSymbolExists.cxx:8:19: error: ‘Q_WS_WIN’ was not declared in this scope
   return ((int*)(&Q_WS_WIN))[argc];
                   ^
CMakeFiles/cmTC_e163b.dir/build.make:65: recipe for target 'CMakeFiles/cmTC_e163b.dir/CheckSymbolExists.cxx.o' failed
make[1]: *** [CMakeFiles/cmTC_e163b.dir/CheckSymbolExists.cxx.o] Error 1
make[1]: Leaving directory '/home/pi/opencv-3.1.0/build/CMakeFiles/CMakeTmp'
Makefile:126: recipe for target 'cmTC_e163b/fast' failed
make: *** [cmTC_e163b/fast] Error 2

File /home/pi/opencv-3.1.0/build/CMakeFiles/CMakeTmp/CheckSymbolExists.cxx:
/* */
#include <QtCore/qglobal.h>

int main(int argc, char** argv)
{
  (void)argv;
#ifndef Q_WS_WIN
  return ((int*)(&Q_WS_WIN))[argc];
#else
  (void)argc;
  return 0;
#endif
}

Determining if the Q_WS_QWS exist failed with the following output:
Change Dir: /home/pi/opencv-3.1.0/build/CMakeFiles/CMakeTmp

Run Build Command:"/usr/bin/make" "cmTC_0f0ab/fast"
/usr/bin/make -f CMakeFiles/cmTC_0f0ab.dir/build.make CMakeFiles/cmTC_0f0ab.dir/build
make[1]: Entering directory '/home/pi/opencv-3.1.0/build/CMakeFiles/CMakeTmp'
Building CXX object CMakeFiles/cmTC_0f0ab.dir/CheckSymbolExists.cxx.o
/usr/bin/c++    -I/usr/include/qt4  -fsigned-char -W -Wall -Werror=return-type -Werror=non-virtual-dtor -Werror=address -Werror=sequence-point -Wformat -Werror=format-security -Wmissing-declarations -Wundef -Winit-self -Wpointer-arith -Wshadow -Wsign-promo -Wno-narrowing -Wno-delete-non-virtual-dtor -fdiagnostics-show-option -pthread -fomit-frame-pointer -ffunction-sections -fvisibility=hidden -fvisibility-inlines-hidden  -O3 -DNDEBUG   -o CMakeFiles/cmTC_0f0ab.dir/CheckSymbolExists.cxx.o -c /home/pi/opencv-3.1.0/build/CMakeFiles/CMakeTmp/CheckSymbolExists.cxx
/home/pi/opencv-3.1.0/build/CMakeFiles/CMakeTmp/CheckSymbolExists.cxx: In function ‘int main(int, char**)’:
/home/pi/opencv-3.1.0/build/CMakeFiles/CMakeTmp/CheckSymbolExists.cxx:8:19: error: ‘Q_WS_QWS’ was not declared in this scope
   return ((int*)(&Q_WS_QWS))[argc];
                   ^
CMakeFiles/cmTC_0f0ab.dir/build.make:65: recipe for target 'CMakeFiles/cmTC_0f0ab.dir/CheckSymbolExists.cxx.o' failed
make[1]: *** [CMakeFiles/cmTC_0f0ab.dir/CheckSymbolExists.cxx.o] Error 1
make[1]: Leaving directory '/home/pi/opencv-3.1.0/build/CMakeFiles/CMakeTmp'
Makefile:126: recipe for target 'cmTC_0f0ab/fast' failed
make: *** [cmTC_0f0ab/fast] Error 2

File /home/pi/opencv-3.1.0/build/CMakeFiles/CMakeTmp/CheckSymbolExists.cxx:
/* */
#include <QtCore/qglobal.h>

int main(int argc, char** argv)
{
  (void)argv;
#ifndef Q_WS_QWS
  return ((int*)(&Q_WS_QWS))[argc];
#else
  (void)argc;
  return 0;
#endif
}

Determining if the Q_WS_MAC exist failed with the following output:
Change Dir: /home/pi/opencv-3.1.0/build/CMakeFiles/CMakeTmp

Run Build Command:"/usr/bin/make" "cmTC_59856/fast"
/usr/bin/make -f CMakeFiles/cmTC_59856.dir/build.make CMakeFiles/cmTC_59856.dir/build
make[1]: Entering directory '/home/pi/opencv-3.1.0/build/CMakeFiles/CMakeTmp'
Building CXX object CMakeFiles/cmTC_59856.dir/CheckSymbolExists.cxx.o
/usr/bin/c++    -I/usr/include/qt4  -fsigned-char -W -Wall -Werror=return-type -Werror=non-virtual-dtor -Werror=address -Werror=sequence-point -Wformat -Werror=format-security -Wmissing-declarations -Wundef -Winit-self -Wpointer-arith -Wshadow -Wsign-promo -Wno-narrowing -Wno-delete-non-virtual-dtor -fdiagnostics-show-option -pthread -fomit-frame-pointer -ffunction-sections -fvisibility=hidden -fvisibility-inlines-hidden  -O3 -DNDEBUG   -o CMakeFiles/cmTC_59856.dir/CheckSymbolExists.cxx.o -c /home/pi/opencv-3.1.0/build/CMakeFiles/CMakeTmp/CheckSymbolExists.cxx
/home/pi/opencv-3.1.0/build/CMakeFiles/CMakeTmp/CheckSymbolExists.cxx: In function ‘int main(int, char**)’:
/home/pi/opencv-3.1.0/build/CMakeFiles/CMakeTmp/CheckSymbolExists.cxx:8:19: error: ‘Q_WS_MAC’ was not declared in this scope
   return ((int*)(&Q_WS_MAC))[argc];
                   ^
CMakeFiles/cmTC_59856.dir/build.make:65: recipe for target 'CMakeFiles/cmTC_59856.dir/CheckSymbolExists.cxx.o' failed
make[1]: *** [CMakeFiles/cmTC_59856.dir/CheckSymbolExists.cxx.o] Error 1
make[1]: Leaving directory '/home/pi/opencv-3.1.0/build/CMakeFiles/CMakeTmp'
Makefile:126: recipe for target 'cmTC_59856/fast' failed
make: *** [cmTC_59856/fast] Error 2

File /home/pi/opencv-3.1.0/build/CMakeFiles/CMakeTmp/CheckSymbolExists.cxx:
/* */
#include <QtCore/qglobal.h>

int main(int argc, char** argv)
{
  (void)argv;
#ifndef Q_WS_MAC
  return ((int*)(&Q_WS_MAC))[argc];
#else
  (void)argc;
  return 0;
#endif
}

Determining if the include file linux/videodev.h exists failed with the following output:
Change Dir: /home/pi/opencv-3.1.0/build/CMakeFiles/CMakeTmp

Run Build Command:"/usr/bin/make" "cmTC_d96dc/fast"
/usr/bin/make -f CMakeFiles/cmTC_d96dc.dir/build.make CMakeFiles/cmTC_d96dc.dir/build
make[1]: Entering directory '/home/pi/opencv-3.1.0/build/CMakeFiles/CMakeTmp'
Building C object CMakeFiles/cmTC_d96dc.dir/CheckIncludeFile.c.o
/usr/bin/cc    -fsigned-char -W -Wall -Werror=return-type -Werror=non-virtual-dtor -Werror=address -Werror=sequence-point -Wformat -Werror=format-security -Wmissing-declarations -Wmissing-prototypes -Wstrict-prototypes -Wundef -Winit-self -Wpointer-arith -Wshadow -Wno-narrowing -fdiagnostics-show-option -pthread -fomit-frame-pointer -ffunction-sections -fvisibility=hidden  -O3 -DNDEBUG   -o CMakeFiles/cmTC_d96dc.dir/CheckIncludeFile.c.o   -c /home/pi/opencv-3.1.0/build/CMakeFiles/CMakeTmp/CheckIncludeFile.c
/home/pi/opencv-3.1.0/build/CMakeFiles/CMakeTmp/CheckIncludeFile.c:1:28: fatal error: linux/videodev.h: No such file or directory
 #include <linux/videodev.h>
                            ^
compilation terminated.
CMakeFiles/cmTC_d96dc.dir/build.make:65: recipe for target 'CMakeFiles/cmTC_d96dc.dir/CheckIncludeFile.c.o' failed
make[1]: *** [CMakeFiles/cmTC_d96dc.dir/CheckIncludeFile.c.o] Error 1
make[1]: Leaving directory '/home/pi/opencv-3.1.0/build/CMakeFiles/CMakeTmp'
Makefile:126: recipe for target 'cmTC_d96dc/fast' failed
make: *** [cmTC_d96dc/fast] Error 2


Determining if the include file sys/videoio.h exists failed with the following output:
Change Dir: /home/pi/opencv-3.1.0/build/CMakeFiles/CMakeTmp

Run Build Command:"/usr/bin/make" "cmTC_d0177/fast"
/usr/bin/make -f CMakeFiles/cmTC_d0177.dir/build.make CMakeFiles/cmTC_d0177.dir/build
make[1]: Entering directory '/home/pi/opencv-3.1.0/build/CMakeFiles/CMakeTmp'
Building C object CMakeFiles/cmTC_d0177.dir/CheckIncludeFile.c.o
/usr/bin/cc    -fsigned-char -W -Wall -Werror=return-type -Werror=non-virtual-dtor -Werror=address -Werror=sequence-point -Wformat -Werror=format-security -Wmissing-declarations -Wmissing-prototypes -Wstrict-prototypes -Wundef -Winit-self -Wpointer-arith -Wshadow -Wno-narrowing -fdiagnostics-show-option -pthread -fomit-frame-pointer -ffunction-sections -fvisibility=hidden  -O3 -DNDEBUG   -o CMakeFiles/cmTC_d0177.dir/CheckIncludeFile.c.o   -c /home/pi/opencv-3.1.0/build/CMakeFiles/CMakeTmp/CheckIncludeFile.c
/home/pi/opencv-3.1.0/build/CMakeFiles/CMakeTmp/CheckIncludeFile.c:1:25: fatal error: sys/videoio.h: No such file or directory
 #include <sys/videoio.h>
                         ^
compilation terminated.
CMakeFiles/cmTC_d0177.dir/build.make:65: recipe for target 'CMakeFiles/cmTC_d0177.dir/CheckIncludeFile.c.o' failed
make[1]: *** [CMakeFiles/cmTC_d0177.dir/CheckIncludeFile.c.o] Error 1
make[1]: Leaving directory '/home/pi/opencv-3.1.0/build/CMakeFiles/CMakeTmp'
Makefile:126: recipe for target 'cmTC_d0177/fast' failed
make: *** [cmTC_d0177/fast] Error 2


Determining if the include file ffmpeg/avformat.h exists failed with the following output:
Change Dir: /home/pi/opencv-3.1.0/build/CMakeFiles/CMakeTmp

Run Build Command:"/usr/bin/make" "cmTC_0099c/fast"
/usr/bin/make -f CMakeFiles/cmTC_0099c.dir/build.make CMakeFiles/cmTC_0099c.dir/build
make[1]: Entering directory '/home/pi/opencv-3.1.0/build/CMakeFiles/CMakeTmp'
Building C object CMakeFiles/cmTC_0099c.dir/CheckIncludeFile.c.o
/usr/bin/cc    -fsigned-char -W -Wall -Werror=return-type -Werror=non-virtual-dtor -Werror=address -Werror=sequence-point -Wformat -Werror=format-security -Wmissing-declarations -Wmissing-prototypes -Wstrict-prototypes -Wundef -Winit-self -Wpointer-arith -Wshadow -Wno-narrowing -fdiagnostics-show-option -pthread -fomit-frame-pointer -ffunction-sections -fvisibility=hidden  -O3 -DNDEBUG   -o CMakeFiles/cmTC_0099c.dir/CheckIncludeFile.c.o   -c /home/pi/opencv-3.1.0/build/CMakeFiles/CMakeTmp/CheckIncludeFile.c
/home/pi/opencv-3.1.0/build/CMakeFiles/CMakeTmp/CheckIncludeFile.c:1:29: fatal error: ffmpeg/avformat.h: No such file or directory
 #include <ffmpeg/avformat.h>
                             ^
compilation terminated.
CMakeFiles/cmTC_0099c.dir/build.make:65: recipe for target 'CMakeFiles/cmTC_0099c.dir/CheckIncludeFile.c.o' failed
make[1]: *** [CMakeFiles/cmTC_0099c.dir/CheckIncludeFile.c.o] Error 1
make[1]: Leaving directory '/home/pi/opencv-3.1.0/build/CMakeFiles/CMakeTmp'
Makefile:126: recipe for target 'cmTC_0099c/fast' failed
make: *** [cmTC_0099c/fast] Error 2


